#
# There is insufficient memory for the Java Runtime Environment to continue.
# Native memory allocation (malloc) failed to allocate 1048576 bytes. Error detail: AllocateHeap
# Possible reasons:
#   The system is out of physical RAM or swap space
#   This process is running with CompressedOops enabled, and the Java Heap may be blocking the growth of the native heap
# Possible solutions:
#   Reduce memory load on the system
#   Increase physical memory or swap space
#   Check if swap backing store is full
#   Decrease Java heap size (-Xmx/-Xms)
#   Decrease number of Java threads
#   Decrease Java thread stack sizes (-Xss)
#   Set larger code cache with -XX:ReservedCodeCacheSize=
#   JVM is running with Unscaled Compressed Oops mode in which the Java heap is
#     placed in the first 4GB address space. The Java Heap base address is the
#     maximum limit for the native heap growth. Please use -XX:HeapBaseMinAddress
#     to set the Java Heap base and to place the Java Heap above 4GB virtual address.
# This output file may be truncated or incomplete.
#
#  Out of Memory Error (allocation.cpp:44), pid=50920, tid=81928
#
# JRE version: OpenJDK Runtime Environment Temurin-21.0.10+7 (21.0.10+7) (build 21.0.10+7-LTS)
# Java VM: OpenJDK 64-Bit Server VM Temurin-21.0.10+7 (21.0.10+7-LTS, mixed mode, sharing, tiered, compressed oops, compressed class ptrs, parallel gc, windows-amd64)
# No core dump will be written. Minidumps are not enabled by default on client versions of Windows
#

---------------  S U M M A R Y ------------

Command Line: --add-modules=ALL-SYSTEM --add-opens=java.base/java.util=ALL-UNNAMED --add-opens=java.base/java.lang=ALL-UNNAMED --add-opens=java.base/sun.nio.fs=ALL-UNNAMED -Declipse.application=org.eclipse.jdt.ls.core.id1 -Dosgi.bundles.defaultStartLevel=4 -Declipse.product=org.eclipse.jdt.ls.core.product -Djava.import.generatesMetadataFilesAtProjectRoot=false -DDetectVMInstallationsJob.disabled=true -Dfile.encoding=utf8 -XX:+UseParallelGC -XX:GCTimeRatio=4 -XX:AdaptiveSizePolicyWeight=90 -Dsun.zip.disableMemoryMapping=true -Xmx2G -Xms100m -Xlog:disable -javaagent:c:\Users\Kevin Shen\.trae-cn\extensions\redhat.java-1.54.0-win32-x64\lombok\lombok-1.18.39-4050.jar -XX:+HeapDumpOnOutOfMemoryError -XX:HeapDumpPath=c:\Users\Kevin Shen\AppData\Roaming\Trae CN\User\workspaceStorage\87a1f091b074ca2f76b648371ca68515\redhat.java -Daether.dependencyCollector.impl=bf c:\Users\Kevin Shen\.trae-cn\extensions\redhat.java-1.54.0-win32-x64\server\plugins\org.eclipse.equinox.launcher_1.7.100.v20251111-0406.jar -configuration c:\Users\Kevin Shen\AppData\Roaming\Trae CN\User\globalStorage\redhat.java\1.54.0\config_win -data c:\Users\Kevin Shen\AppData\Roaming\Trae CN\User\workspaceStorage\87a1f091b074ca2f76b648371ca68515\redhat.java\jdt_ws --pipe=\\.\pipe\lsp-61569f37bbd5ddc42a11aab81e45f8dd-sock

Host: Intel(R) Core(TM) Ultra 9 185H, 22 cores, 31G,  Windows 11 , 64 bit Build 26100 (10.0.26100.8246)
Time: Tue May  5 07:45:29 2026 elapsed time: 999.548522 seconds (0d 0h 16m 39s)

---------------  T H R E A D  ---------------

Current thread (0x0000028beda7c180):  JavaThread "Attach Listener" daemon [_thread_in_vm, id=81928, stack(0x00000097a6700000,0x00000097a6800000) (1024K)]

Stack: [0x00000097a6700000,0x00000097a6800000]
Native frames: (J=compiled Java code, j=interpreted, Vv=VM code, C=native code)
V  [jvm.dll+0x6d7a39]
V  [jvm.dll+0x8b4b26]
V  [jvm.dll+0x8b70de]
V  [jvm.dll+0x8b77c3]
V  [jvm.dll+0x284346]
V  [jvm.dll+0xc1277]
V  [jvm.dll+0x6d82e9]
V  [jvm.dll+0x1334a6]
V  [jvm.dll+0x3f857e]
V  [jvm.dll+0x85f59d]
V  [jvm.dll+0x6d626d]
C  [ucrtbase.dll+0x37b0]
C  [KERNEL32.DLL+0x2e8d7]
C  [ntdll.dll+0x8c3fc]


---------------  P R O C E S S  ---------------

Threads class SMR info:
_java_thread_list=0x0000028bf957da30, length=89, elements={
0x0000028b927ee180, 0x0000028b94cac8b0, 0x0000028b94b88fb0, 0x0000028beda79710,
0x0000028beda7c180, 0x0000028beda86a00, 0x0000028beda8c580, 0x0000028beda921e0,
0x0000028beda93290, 0x0000028bedcf0f00, 0x0000028bf407bdf0, 0x0000028bf4b06b40,
0x0000028bf4c07080, 0x0000028bf4a5b670, 0x0000028bf4a5c6d0, 0x0000028bf4dae950,
0x0000028bf407b0f0, 0x0000028bf56a0d80, 0x0000028bf4b99070, 0x0000028bf4b98350,
0x0000028bf7a4bd30, 0x0000028bf7a4ca50, 0x0000028bf7a4de00, 0x0000028bf7a4d0e0,
0x0000028bf7a4b6a0, 0x0000028bf7a4a980, 0x0000028bf7a4b010, 0x0000028bf6733460,
0x0000028bf6733af0, 0x0000028bf6734810, 0x0000028bf67320b0, 0x0000028bf6735530,
0x0000028bf6734180, 0x0000028bf6734ea0, 0x0000028bf6735bc0, 0x0000028bf6732740,
0x0000028bf6736250, 0x0000028bf6732dd0, 0x0000028bf6738320, 0x0000028bf6736f70,
0x0000028bf6737c90, 0x0000028bf67389b0, 0x0000028bf6739040, 0x0000028bf67368e0,
0x0000028bf67396d0, 0x0000028bf92349e0, 0x0000028bf9235070, 0x0000028bf9235d90,
0x0000028bf9234350, 0x0000028bf9232fa0, 0x0000028bf9236420, 0x0000028bf9236ab0,
0x0000028bf9239210, 0x0000028bf92384f0, 0x0000028bf92398a0, 0x0000028bf9238b80,
0x0000028bf9237e60, 0x0000028bf923a5c0, 0x0000028bf92377d0, 0x0000028bf8a2fa60,
0x0000028bf8a2d990, 0x0000028bf8a2f3d0, 0x0000028bf8a300f0, 0x0000028bf8a30780,
0x0000028bf8a2e6b0, 0x0000028bf8a34920, 0x0000028bf8a32ee0, 0x0000028bf8a33570,
0x0000028bf8a34290, 0x0000028bf8a321c0, 0x0000028bf8a32850, 0x0000028bfa4c2bb0,
0x0000028bfa4c3f60, 0x0000028bfa4c2520, 0x0000028bfa4c1e90, 0x0000028bfa4c45f0,
0x0000028bfa4c59a0, 0x0000028bfa4c4c80, 0x0000028bfa4c8100, 0x0000028bfa4c6030,
0x0000028bfa4c6d50, 0x0000028bfa4c8790, 0x0000028bfa4c8e20, 0x0000028bfa4c94b0,
0x0000028bf9237140, 0x0000028bf4b9b140, 0x0000028bf4b9b7d0, 0x0000028bf8a2ed40,
0x0000028bf8a33c00
}

Java Threads: ( => current thread )
  0x0000028b927ee180 JavaThread "main"                              [_thread_blocked, id=74956, stack(0x00000097a6000000,0x00000097a6100000) (1024K)]
  0x0000028b94cac8b0 JavaThread "Reference Handler"          daemon [_thread_blocked, id=52692, stack(0x00000097a6400000,0x00000097a6500000) (1024K)]
  0x0000028b94b88fb0 JavaThread "Finalizer"                  daemon [_thread_blocked, id=27220, stack(0x00000097a6500000,0x00000097a6600000) (1024K)]
  0x0000028beda79710 JavaThread "Signal Dispatcher"          daemon [_thread_blocked, id=41620, stack(0x00000097a6600000,0x00000097a6700000) (1024K)]
=>0x0000028beda7c180 JavaThread "Attach Listener"            daemon [_thread_in_vm, id=81928, stack(0x00000097a6700000,0x00000097a6800000) (1024K)]
  0x0000028beda86a00 JavaThread "Service Thread"             daemon [_thread_blocked, id=86984, stack(0x00000097a6800000,0x00000097a6900000) (1024K)]
  0x0000028beda8c580 JavaThread "Monitor Deflation Thread"   daemon [_thread_blocked, id=49376, stack(0x00000097a6900000,0x00000097a6a00000) (1024K)]
  0x0000028beda921e0 JavaThread "C2 CompilerThread0"         daemon [_thread_blocked, id=25236, stack(0x00000097a6a00000,0x00000097a6b00000) (1024K)]
  0x0000028beda93290 JavaThread "C1 CompilerThread0"         daemon [_thread_blocked, id=28928, stack(0x00000097a6b00000,0x00000097a6c00000) (1024K)]
  0x0000028bedcf0f00 JavaThread "Common-Cleaner"             daemon [_thread_blocked, id=84092, stack(0x00000097a6f00000,0x00000097a7000000) (1024K)]
  0x0000028bf407bdf0 JavaThread "Notification Thread"        daemon [_thread_blocked, id=79420, stack(0x00000097a7100000,0x00000097a7200000) (1024K)]
  0x0000028bf4b06b40 JavaThread "Active Thread: Equinox Container: 9902fd6c-0342-4ef2-86a9-eaf9a37334df"        [_thread_blocked, id=38220, stack(0x00000097a7a00000,0x00000097a7b00000) (1024K)]
  0x0000028bf4c07080 JavaThread "Refresh Thread: Equinox Container: 9902fd6c-0342-4ef2-86a9-eaf9a37334df" daemon [_thread_blocked, id=84588, stack(0x00000097a7c00000,0x00000097a7d00000) (1024K)]
  0x0000028bf4a5b670 JavaThread "Framework Event Dispatcher: Equinox Container: 9902fd6c-0342-4ef2-86a9-eaf9a37334df" daemon [_thread_blocked, id=68592, stack(0x00000097a7d00000,0x00000097a7e00000) (1024K)]
  0x0000028bf4a5c6d0 JavaThread "Start Level: Equinox Container: 9902fd6c-0342-4ef2-86a9-eaf9a37334df" daemon [_thread_blocked, id=82480, stack(0x00000097a7e00000,0x00000097a7f00000) (1024K)]
  0x0000028bf4dae950 JavaThread "Bundle File Closer"         daemon [_thread_blocked, id=88360, stack(0x00000097a8200000,0x00000097a8300000) (1024K)]
  0x0000028bf407b0f0 JavaThread "SCR Component Actor"        daemon [_thread_blocked, id=36372, stack(0x00000097a6d00000,0x00000097a6e00000) (1024K)]
  0x0000028bf56a0d80 JavaThread "Worker-JM"                         [_thread_blocked, id=46148, stack(0x00000097a8300000,0x00000097a8400000) (1024K)]
  0x0000028bf4b99070 JavaThread "JNA Cleaner"                daemon [_thread_blocked, id=90060, stack(0x00000097a8800000,0x00000097a8900000) (1024K)]
  0x0000028bf4b98350 JavaThread "Java indexing"              daemon [_thread_blocked, id=88932, stack(0x00000097a8e00000,0x00000097a8f00000) (1024K)]
  0x0000028bf7a4bd30 JavaThread "Worker-3"                          [_thread_blocked, id=72004, stack(0x00000097a9600000,0x00000097a9700000) (1024K)]
  0x0000028bf7a4ca50 JavaThread "Thread-1"                   daemon [_thread_in_native, id=82360, stack(0x00000097a9900000,0x00000097a9a00000) (1024K)]
  0x0000028bf7a4de00 JavaThread "Thread-2"                   daemon [_thread_in_native, id=67588, stack(0x00000097a9a00000,0x00000097a9b00000) (1024K)]
  0x0000028bf7a4d0e0 JavaThread "Thread-3"                   daemon [_thread_in_native, id=23764, stack(0x00000097a9b00000,0x00000097a9c00000) (1024K)]
  0x0000028bf7a4b6a0 JavaThread "Thread-4"                   daemon [_thread_in_native, id=60960, stack(0x00000097a9c00000,0x00000097a9d00000) (1024K)]
  0x0000028bf7a4a980 JavaThread "Thread-5"                   daemon [_thread_in_native, id=52280, stack(0x00000097a9d00000,0x00000097a9e00000) (1024K)]
  0x0000028bf7a4b010 JavaThread "Thread-6"                   daemon [_thread_in_native, id=53728, stack(0x00000097a9e00000,0x00000097a9f00000) (1024K)]
  0x0000028bf6733460 JavaThread "Thread-7"                   daemon [_thread_in_native, id=75420, stack(0x00000097a9f00000,0x00000097aa000000) (1024K)]
  0x0000028bf6733af0 JavaThread "Thread-8"                   daemon [_thread_in_native, id=86604, stack(0x00000097aa000000,0x00000097aa100000) (1024K)]
  0x0000028bf6734810 JavaThread "Thread-9"                   daemon [_thread_in_native, id=83480, stack(0x00000097aa100000,0x00000097aa200000) (1024K)]
  0x0000028bf67320b0 JavaThread "Thread-10"                  daemon [_thread_in_native, id=69236, stack(0x00000097aa200000,0x00000097aa300000) (1024K)]
  0x0000028bf6735530 JavaThread "Thread-11"                  daemon [_thread_in_native, id=62340, stack(0x00000097aa300000,0x00000097aa400000) (1024K)]
  0x0000028bf6734180 JavaThread "Thread-12"                  daemon [_thread_in_native, id=41764, stack(0x00000097aa400000,0x00000097aa500000) (1024K)]
  0x0000028bf6734ea0 JavaThread "Thread-13"                  daemon [_thread_in_native, id=57128, stack(0x00000097aa500000,0x00000097aa600000) (1024K)]
  0x0000028bf6735bc0 JavaThread "Thread-14"                  daemon [_thread_in_native, id=43404, stack(0x00000097aa600000,0x00000097aa700000) (1024K)]
  0x0000028bf6732740 JavaThread "Thread-15"                  daemon [_thread_in_native, id=81960, stack(0x00000097aa700000,0x00000097aa800000) (1024K)]
  0x0000028bf6736250 JavaThread "Thread-16"                  daemon [_thread_in_native, id=55772, stack(0x00000097aa800000,0x00000097aa900000) (1024K)]
  0x0000028bf6732dd0 JavaThread "Thread-17"                  daemon [_thread_in_native, id=69272, stack(0x00000097aa900000,0x00000097aaa00000) (1024K)]
  0x0000028bf6738320 JavaThread "Thread-18"                  daemon [_thread_in_native, id=80292, stack(0x00000097aaa00000,0x00000097aab00000) (1024K)]
  0x0000028bf6736f70 JavaThread "Thread-19"                  daemon [_thread_in_native, id=90108, stack(0x00000097aab00000,0x00000097aac00000) (1024K)]
  0x0000028bf6737c90 JavaThread "Thread-20"                  daemon [_thread_in_native, id=63288, stack(0x00000097aac00000,0x00000097aad00000) (1024K)]
  0x0000028bf67389b0 JavaThread "Thread-21"                  daemon [_thread_in_native, id=84408, stack(0x00000097aad00000,0x00000097aae00000) (1024K)]
  0x0000028bf6739040 JavaThread "Thread-22"                  daemon [_thread_in_native, id=89708, stack(0x00000097aae00000,0x00000097aaf00000) (1024K)]
  0x0000028bf67368e0 JavaThread "Thread-23"                  daemon [_thread_in_native, id=67904, stack(0x00000097aaf00000,0x00000097ab000000) (1024K)]
  0x0000028bf67396d0 JavaThread "pool-2-thread-1"                   [_thread_blocked, id=83868, stack(0x00000097ab000000,0x00000097ab100000) (1024K)]
  0x0000028bf92349e0 JavaThread "WorkspaceEventsHandler"            [_thread_blocked, id=87236, stack(0x00000097ab100000,0x00000097ab200000) (1024K)]
  0x0000028bf9235070 JavaThread "pool-1-thread-1"                   [_thread_blocked, id=87568, stack(0x00000097ab200000,0x00000097ab300000) (1024K)]
  0x0000028bf9235d90 JavaThread "ForkJoinPool.commonPool-worker-1" daemon [_thread_blocked, id=81912, stack(0x00000097ab300000,0x00000097ab400000) (1024K)]
  0x0000028bf9234350 JavaThread "ForkJoinPool.commonPool-worker-3" daemon [_thread_blocked, id=74856, stack(0x00000097ab500000,0x00000097ab600000) (1024K)]
  0x0000028bf9232fa0 JavaThread "ForkJoinPool.commonPool-worker-4" daemon [_thread_blocked, id=66660, stack(0x00000097ab600000,0x00000097ab700000) (1024K)]
  0x0000028bf9236420 JavaThread "ForkJoinPool.commonPool-worker-5" daemon [_thread_blocked, id=69500, stack(0x00000097ab700000,0x00000097ab800000) (1024K)]
  0x0000028bf9236ab0 JavaThread "ForkJoinPool.commonPool-worker-6" daemon [_thread_blocked, id=84680, stack(0x00000097ab800000,0x00000097ab900000) (1024K)]
  0x0000028bf9239210 JavaThread "ForkJoinPool.commonPool-worker-8" daemon [_thread_blocked, id=73240, stack(0x00000097aba00000,0x00000097abb00000) (1024K)]
  0x0000028bf92384f0 JavaThread "ForkJoinPool.commonPool-worker-9" daemon [_thread_blocked, id=63308, stack(0x00000097abb00000,0x00000097abc00000) (1024K)]
  0x0000028bf92398a0 JavaThread "ForkJoinPool.commonPool-worker-10" daemon [_thread_blocked, id=60376, stack(0x00000097abc00000,0x00000097abd00000) (1024K)]
  0x0000028bf9238b80 JavaThread "ForkJoinPool.commonPool-worker-11" daemon [_thread_blocked, id=90000, stack(0x00000097abd00000,0x00000097abe00000) (1024K)]
  0x0000028bf9237e60 JavaThread "ForkJoinPool.commonPool-worker-13" daemon [_thread_blocked, id=56960, stack(0x00000097abf00000,0x00000097ac000000) (1024K)]
  0x0000028bf923a5c0 JavaThread "ForkJoinPool.commonPool-worker-14" daemon [_thread_blocked, id=88332, stack(0x00000097ac000000,0x00000097ac100000) (1024K)]
  0x0000028bf92377d0 JavaThread "ForkJoinPool.commonPool-worker-16" daemon [_thread_blocked, id=89448, stack(0x00000097ac200000,0x00000097ac300000) (1024K)]
  0x0000028bf8a2fa60 JavaThread "ForkJoinPool.commonPool-worker-17" daemon [_thread_blocked, id=86748, stack(0x00000097ac300000,0x00000097ac400000) (1024K)]
  0x0000028bf8a2d990 JavaThread "ForkJoinPool.commonPool-worker-18" daemon [_thread_blocked, id=37936, stack(0x00000097ac400000,0x00000097ac500000) (1024K)]
  0x0000028bf8a2f3d0 JavaThread "ForkJoinPool.commonPool-worker-19" daemon [_thread_blocked, id=84168, stack(0x00000097ac500000,0x00000097ac600000) (1024K)]
  0x0000028bf8a300f0 JavaThread "ForkJoinPool.commonPool-worker-20" daemon [_thread_blocked, id=87848, stack(0x00000097ac600000,0x00000097ac700000) (1024K)]
  0x0000028bf8a30780 JavaThread "ForkJoinPool.commonPool-worker-21" daemon [_thread_blocked, id=41292, stack(0x00000097ac700000,0x00000097ac800000) (1024K)]
  0x0000028bf8a2e6b0 JavaThread "LocalFile Deleter"          daemon [_thread_blocked, id=78828, stack(0x00000097acb00000,0x00000097acc00000) (1024K)]
  0x0000028bf8a34920 JavaThread "LocalFile Deleter"          daemon [_thread_blocked, id=67800, stack(0x00000097acc00000,0x00000097acd00000) (1024K)]
  0x0000028bf8a32ee0 JavaThread "LocalFile Deleter"          daemon [_thread_blocked, id=69252, stack(0x00000097ace00000,0x00000097acf00000) (1024K)]
  0x0000028bf8a33570 JavaThread "LocalFile Deleter"          daemon [_thread_blocked, id=59648, stack(0x00000097acf00000,0x00000097ad000000) (1024K)]
  0x0000028bf8a34290 JavaThread "LocalFile Deleter"          daemon [_thread_blocked, id=88108, stack(0x00000097ad000000,0x00000097ad100000) (1024K)]
  0x0000028bf8a321c0 JavaThread "LocalFile Deleter"          daemon [_thread_blocked, id=77444, stack(0x00000097ad100000,0x00000097ad200000) (1024K)]
  0x0000028bf8a32850 JavaThread "LocalFile Deleter"          daemon [_thread_blocked, id=83296, stack(0x00000097ad200000,0x00000097ad300000) (1024K)]
  0x0000028bfa4c2bb0 JavaThread "LocalFile Deleter"          daemon [_thread_blocked, id=4044, stack(0x00000097ad300000,0x00000097ad400000) (1024K)]
  0x0000028bfa4c3f60 JavaThread "LocalFile Deleter"          daemon [_thread_blocked, id=77668, stack(0x00000097ad400000,0x00000097ad500000) (1024K)]
  0x0000028bfa4c2520 JavaThread "LocalFile Deleter"          daemon [_thread_blocked, id=2220, stack(0x00000097ad500000,0x00000097ad600000) (1024K)]
  0x0000028bfa4c1e90 JavaThread "LocalFile Deleter"          daemon [_thread_blocked, id=82268, stack(0x00000097ad600000,0x00000097ad700000) (1024K)]
  0x0000028bfa4c45f0 JavaThread "LocalFile Deleter"          daemon [_thread_blocked, id=45636, stack(0x00000097ad700000,0x00000097ad800000) (1024K)]
  0x0000028bfa4c59a0 JavaThread "LocalFile Deleter"          daemon [_thread_blocked, id=74908, stack(0x00000097ad800000,0x00000097ad900000) (1024K)]
  0x0000028bfa4c4c80 JavaThread "LocalFile Deleter"          daemon [_thread_blocked, id=69232, stack(0x00000097ad900000,0x00000097ada00000) (1024K)]
  0x0000028bfa4c8100 JavaThread "LocalFile Deleter"          daemon [_thread_blocked, id=52204, stack(0x00000097a8700000,0x00000097a8800000) (1024K)]
  0x0000028bfa4c6030 JavaThread "LocalFile Deleter"          daemon [_thread_blocked, id=67132, stack(0x00000097a9200000,0x00000097a9300000) (1024K)]
  0x0000028bfa4c6d50 JavaThread "LocalFile Deleter"          daemon [_thread_blocked, id=35768, stack(0x00000097a9300000,0x00000097a9400000) (1024K)]
  0x0000028bfa4c8790 JavaThread "LocalFile Deleter"          daemon [_thread_blocked, id=9552, stack(0x00000097a5d00000,0x00000097a5e00000) (1024K)]
  0x0000028bfa4c8e20 JavaThread "LocalFile Deleter"          daemon [_thread_blocked, id=84232, stack(0x00000097a5e00000,0x00000097a5f00000) (1024K)]
  0x0000028bfa4c94b0 JavaThread "LocalFile Deleter"          daemon [_thread_blocked, id=53344, stack(0x00000097a5f00000,0x00000097a6000000) (1024K)]
  0x0000028bf9237140 JavaThread "Worker-6"                          [_thread_blocked, id=63388, stack(0x00000097a7200000,0x00000097a7300000) (1024K)]
  0x0000028bf4b9b140 JavaThread "Worker-8"                          [_thread_blocked, id=75716, stack(0x00000097a7900000,0x00000097a7a00000) (1024K)]
  0x0000028bf4b9b7d0 JavaThread "Worker-10"                         [_thread_blocked, id=39016, stack(0x00000097a7000000,0x00000097a7100000) (1024K)]
  0x0000028bf8a2ed40 JavaThread "Worker-11"                         [_thread_blocked, id=82032, stack(0x00000097a6c00000,0x00000097a6d00000) (1024K)]
  0x0000028bf8a33c00 JavaThread "LocalFile Deleter"          daemon [_thread_blocked, id=67344, stack(0x00000097a8900000,0x00000097a8a00000) (1024K)]
Total: 89

Other Threads:
  0x0000028beda77bb0 VMThread "VM Thread"                           [id=78436, stack(0x00000097a6300000,0x00000097a6400000) (1024K)]
  0x0000028b94a7ca00 WatcherThread "VM Periodic Task Thread"        [id=43056, stack(0x00000097a6200000,0x00000097a6300000) (1024K)]
  0x0000028b94c10e40 WorkerThread "GC Thread#0"                     [id=87028, stack(0x00000097a6100000,0x00000097a6200000) (1024K)]
  0x0000028bf47a8f00 WorkerThread "GC Thread#1"                     [id=31556, stack(0x00000097a7300000,0x00000097a7400000) (1024K)]
  0x0000028bf4600640 WorkerThread "GC Thread#2"                     [id=56092, stack(0x00000097a7400000,0x00000097a7500000) (1024K)]
  0x0000028bf4607d40 WorkerThread "GC Thread#3"                     [id=48688, stack(0x00000097a7500000,0x00000097a7600000) (1024K)]
  0x0000028bf47a7960 WorkerThread "GC Thread#4"                     [id=83532, stack(0x00000097a7600000,0x00000097a7700000) (1024K)]
  0x0000028bf47a8120 WorkerThread "GC Thread#5"                     [id=76496, stack(0x00000097a7700000,0x00000097a7800000) (1024K)]
  0x0000028bf47a88d0 WorkerThread "GC Thread#6"                     [id=30348, stack(0x00000097a7800000,0x00000097a7900000) (1024K)]
  0x0000028bf4b0c910 WorkerThread "GC Thread#7"                     [id=14288, stack(0x00000097a7b00000,0x00000097a7c00000) (1024K)]
  0x0000028bf4b0b6a0 WorkerThread "GC Thread#8"                     [id=47228, stack(0x00000097a7f00000,0x00000097a8000000) (1024K)]
  0x0000028bf4b0c560 WorkerThread "GC Thread#9"                     [id=85712, stack(0x00000097a8000000,0x00000097a8100000) (1024K)]
  0x0000028bf4b0d070 WorkerThread "GC Thread#10"                    [id=68740, stack(0x00000097a8100000,0x00000097a8200000) (1024K)]
  0x0000028bf4b0ba50 WorkerThread "GC Thread#11"                    [id=89332, stack(0x00000097a6e00000,0x00000097a6f00000) (1024K)]
  0x0000028bf4b0be00 WorkerThread "GC Thread#12"                    [id=89292, stack(0x00000097a8400000,0x00000097a8500000) (1024K)]
  0x0000028bf4b0c1b0 WorkerThread "GC Thread#13"                    [id=25228, stack(0x00000097a8500000,0x00000097a8600000) (1024K)]
  0x0000028bf581d820 WorkerThread "GC Thread#14"                    [id=88496, stack(0x00000097a8b00000,0x00000097a8c00000) (1024K)]
  0x0000028bf581b340 WorkerThread "GC Thread#15"                    [id=87976, stack(0x00000097a8d00000,0x00000097a8e00000) (1024K)]
Total: 18

Threads with active compile tasks:
Total: 0

VM state: not at safepoint (normal execution)

VM Mutex/Monitor currently owned by a thread: None

Heap address: 0x0000000080000000, size: 2048 MB, Compressed Oops mode: 32-bit

CDS archive(s) mapped at: [0x0000028bac000000-0x0000028bacba0000-0x0000028bacba0000), size 12189696, SharedBaseAddress: 0x0000028bac000000, ArchiveRelocationMode: 1.
Compressed class space mapped at: 0x0000028bad000000-0x0000028bed000000, reserved size: 1073741824
Narrow klass base: 0x0000028bac000000, Narrow klass shift: 0, Narrow klass range: 0x100000000

GC Precious Log:
 CardTable entry size: 512
 CPUs: 22 total, 22 available
 Memory: 32173M
 Large Page Support: Disabled
 NUMA Support: Disabled
 Compressed Oops: Enabled (32-bit)
 Alignments: Space 512K, Generation 512K, Heap 2M
 Heap Min Capacity: 100M
 Heap Initial Capacity: 100M
 Heap Max Capacity: 2G
 Pre-touch: Disabled
 Parallel Workers: 16

Heap:
 PSYoungGen      total 6656K, used 3584K [0x00000000d5580000, 0x00000000d5d80000, 0x0000000100000000)
  eden space 6144K, 50% used [0x00000000d5580000,0x00000000d58802b0,0x00000000d5b80000)
  from space 512K, 100% used [0x00000000d5c00000,0x00000000d5c80000,0x00000000d5c80000)
  to   space 1024K, 0% used [0x00000000d5c80000,0x00000000d5c80000,0x00000000d5d80000)
 ParOldGen       total 108032K, used 107812K [0x0000000080000000, 0x0000000086980000, 0x00000000d5580000)
  object space 108032K, 99% used [0x0000000080000000,0x00000000869490c8,0x0000000086980000)
 Metaspace       used 70537K, committed 72192K, reserved 1114112K
  class space    used 7112K, committed 7872K, reserved 1048576K

Card table byte_map: [0x0000028b94590000,0x0000028b949a0000] _byte_map_base: 0x0000028b94190000

Marking Bits: (ParMarkBitMap*) 0x00007ffc73bb3450
 Begin Bits: [0x0000028ba70a0000, 0x0000028ba90a0000)
 End Bits:   [0x0000028ba90a0000, 0x0000028bab0a0000)

Polling page: 0x0000028b92ae0000

Metaspace:

Usage:
  Non-class:     61.94 MB used.
      Class:      6.95 MB used.
       Both:     68.88 MB used.

Virtual space:
  Non-class space:       64.00 MB reserved,      62.81 MB ( 98%) committed,  1 nodes.
      Class space:        1.00 GB reserved,       7.69 MB ( <1%) committed,  1 nodes.
             Both:        1.06 GB reserved,      70.50 MB (  6%) committed. 

Chunk freelists:
   Non-Class:  355.00 KB
       Class:  8.37 MB
        Both:  8.71 MB

MaxMetaspaceSize: unlimited
CompressedClassSpaceSize: 1.00 GB
Initial GC threshold: 21.00 MB
Current GC threshold: 97.31 MB
CDS: on
 - commit_granule_bytes: 65536.
 - commit_granule_words: 8192.
 - virtual_space_node_default_size: 8388608.
 - enlarge_chunks_in_place: 1.
 - use_allocation_guard: 0.


Internal statistics:

num_allocs_failed_limit: 9.
num_arena_births: 1382.
num_arena_deaths: 20.
num_vsnodes_births: 2.
num_vsnodes_deaths: 0.
num_space_committed: 1127.
num_space_uncommitted: 0.
num_chunks_returned_to_freelist: 32.
num_chunks_taken_from_freelist: 4922.
num_chunk_merges: 13.
num_chunk_splits: 2901.
num_chunks_enlarged: 1492.
num_inconsistent_stats: 0.

CodeHeap 'non-profiled nmethods': size=119168Kb used=14504Kb max_used=14504Kb free=104663Kb
 bounds [0x0000028b9f990000, 0x0000028ba07c0000, 0x0000028ba6df0000]
CodeHeap 'profiled nmethods': size=119104Kb used=40457Kb max_used=40457Kb free=78646Kb
 bounds [0x0000028b97df0000, 0x0000028b9a580000, 0x0000028b9f240000]
CodeHeap 'non-nmethods': size=7488Kb used=1446Kb max_used=3216Kb free=6041Kb
 bounds [0x0000028b9f240000, 0x0000028b9f570000, 0x0000028b9f990000]
CodeCache: size=245760Kb, used=56407Kb, max_used=58177Kb, free=189350Kb
 total_blobs=17849, nmethods=17094, adapters=659, full_count=0
Compilation: enabled, stopped_count=0, restarted_count=0

Compilation events (20 events):
Event: 989.209 Thread 0x0000028beda921e0 17906       4       org.apache.commons.lang3.StringUtils::isBlank (41 bytes)
Event: 989.211 Thread 0x0000028beda921e0 nmethod 17906 0x0000028ba07b6390 code [0x0000028ba07b6560, 0x0000028ba07b6808]
Event: 989.211 Thread 0x0000028beda921e0 17907       4       java.util.concurrent.CopyOnWriteArrayList$COWIterator::hasNext (18 bytes)
Event: 989.211 Thread 0x0000028beda921e0 nmethod 17907 0x0000028ba07b6b90 code [0x0000028ba07b6d20, 0x0000028ba07b6dd8]
Event: 991.297 Thread 0x0000028beda921e0 17908       4       com.google.gson.internal.bind.ObjectTypeAdapter::tryBeginNesting (62 bytes)
Event: 991.299 Thread 0x0000028beda921e0 nmethod 17908 0x0000028ba07b6e90 code [0x0000028ba07b70c0, 0x0000028ba07b7510]
Event: 991.306 Thread 0x0000028beda921e0 17909       4       java.net.URI::decode (73 bytes)
Event: 991.306 Thread 0x0000028beda921e0 nmethod 17909 0x0000028ba07b7910 code [0x0000028ba07b7aa0, 0x0000028ba07b7b70]
Event: 991.462 Thread 0x0000028beda921e0 17910       4       org.eclipse.core.runtime.MultiStatus::add (45 bytes)
Event: 991.464 Thread 0x0000028beda921e0 nmethod 17910 0x0000028ba07b7c10 code [0x0000028ba07b7de0, 0x0000028ba07b82a0]
Event: 992.100 Thread 0x0000028beda93290 17911       3       org.eclipse.core.internal.jobs.Worker::setNormPriority (14 bytes)
Event: 992.100 Thread 0x0000028beda93290 nmethod 17911 0x0000028b9a569e90 code [0x0000028b9a56a060, 0x0000028b9a56a3d0]
Event: 994.158 Thread 0x0000028beda93290 17912       3       org.eclipse.jdt.internal.core.JavaModel::getJavaProjects (22 bytes)
Event: 994.158 Thread 0x0000028beda93290 nmethod 17912 0x0000028b9a56a510 code [0x0000028b9a56a6e0, 0x0000028b9a56aaa8]
Event: 994.284 Thread 0x0000028beda921e0 17913       4       com.sun.org.apache.xerces.internal.impl.XMLDocumentFragmentScannerImpl$ElementStack2::<init> (59 bytes)
Event: 994.286 Thread 0x0000028beda921e0 nmethod 17913 0x0000028ba07b8610 code [0x0000028ba07b87c0, 0x0000028ba07b8bf8]
Event: 994.349 Thread 0x0000028beda921e0 17914       4       sun.nio.fs.WindowsPath::getName (47 bytes)
Event: 994.355 Thread 0x0000028beda921e0 nmethod 17914 0x0000028ba07b8d90 code [0x0000028ba07b8fe0, 0x0000028ba07b9aa0]
Event: 995.151 Thread 0x0000028beda93290 17915       3       org.eclipse.jdt.internal.core.DeltaProcessor::createElement (677 bytes)
Event: 995.153 Thread 0x0000028beda93290 nmethod 17915 0x0000028b9a56ac10 code [0x0000028b9a56b4a0, 0x0000028b9a570930]

GC Heap History (20 events):
Event: 972.037 GC heap before
{Heap before GC invocations=349 (full 3):
 PSYoungGen      total 6656K, used 6496K [0x00000000d5580000, 0x00000000d5d00000, 0x0000000100000000)
  eden space 6144K, 100% used [0x00000000d5580000,0x00000000d5b80000,0x00000000d5b80000)
  from space 512K, 68% used [0x00000000d5c00000,0x00000000d5c58000,0x00000000d5c80000)
  to   space 512K, 0% used [0x00000000d5c80000,0x00000000d5c80000,0x00000000d5d00000)
 ParOldGen       total 107008K, used 106860K [0x0000000080000000, 0x0000000086880000, 0x00000000d5580000)
  object space 107008K, 99% used [0x0000000080000000,0x000000008685b0a8,0x0000000086880000)
 Metaspace       used 70528K, committed 72192K, reserved 1114112K
  class space    used 7112K, committed 7872K, reserved 1048576K
}
Event: 972.038 GC heap after
{Heap after GC invocations=349 (full 3):
 PSYoungGen      total 6656K, used 512K [0x00000000d5580000, 0x00000000d5d80000, 0x0000000100000000)
  eden space 6144K, 0% used [0x00000000d5580000,0x00000000d5580000,0x00000000d5b80000)
  from space 512K, 100% used [0x00000000d5c80000,0x00000000d5d00000,0x00000000d5d00000)
  to   space 1024K, 0% used [0x00000000d5b80000,0x00000000d5b80000,0x00000000d5c80000)
 ParOldGen       total 107008K, used 106964K [0x0000000080000000, 0x0000000086880000, 0x00000000d5580000)
  object space 107008K, 99% used [0x0000000080000000,0x00000000868750a8,0x0000000086880000)
 Metaspace       used 70528K, committed 72192K, reserved 1114112K
  class space    used 7112K, committed 7872K, reserved 1048576K
}
Event: 974.981 GC heap before
{Heap before GC invocations=350 (full 3):
 PSYoungGen      total 6656K, used 6656K [0x00000000d5580000, 0x00000000d5d80000, 0x0000000100000000)
  eden space 6144K, 100% used [0x00000000d5580000,0x00000000d5b80000,0x00000000d5b80000)
  from space 512K, 100% used [0x00000000d5c80000,0x00000000d5d00000,0x00000000d5d00000)
  to   space 1024K, 0% used [0x00000000d5b80000,0x00000000d5b80000,0x00000000d5c80000)
 ParOldGen       total 107008K, used 106964K [0x0000000080000000, 0x0000000086880000, 0x00000000d5580000)
  object space 107008K, 99% used [0x0000000080000000,0x00000000868750a8,0x0000000086880000)
 Metaspace       used 70530K, committed 72192K, reserved 1114112K
  class space    used 7112K, committed 7872K, reserved 1048576K
}
Event: 974.981 GC heap after
{Heap after GC invocations=350 (full 3):
 PSYoungGen      total 7168K, used 480K [0x00000000d5580000, 0x00000000d5d00000, 0x0000000100000000)
  eden space 6144K, 0% used [0x00000000d5580000,0x00000000d5580000,0x00000000d5b80000)
  from space 1024K, 46% used [0x00000000d5b80000,0x00000000d5bf8000,0x00000000d5c80000)
  to   space 512K, 0% used [0x00000000d5c80000,0x00000000d5c80000,0x00000000d5d00000)
 ParOldGen       total 107520K, used 107068K [0x0000000080000000, 0x0000000086900000, 0x00000000d5580000)
  object space 107520K, 99% used [0x0000000080000000,0x000000008688f0a8,0x0000000086900000)
 Metaspace       used 70530K, committed 72192K, reserved 1114112K
  class space    used 7112K, committed 7872K, reserved 1048576K
}
Event: 977.246 GC heap before
{Heap before GC invocations=351 (full 3):
 PSYoungGen      total 7168K, used 6623K [0x00000000d5580000, 0x00000000d5d00000, 0x0000000100000000)
  eden space 6144K, 99% used [0x00000000d5580000,0x00000000d5b7fff8,0x00000000d5b80000)
  from space 1024K, 46% used [0x00000000d5b80000,0x00000000d5bf8000,0x00000000d5c80000)
  to   space 512K, 0% used [0x00000000d5c80000,0x00000000d5c80000,0x00000000d5d00000)
 ParOldGen       total 107520K, used 107068K [0x0000000080000000, 0x0000000086900000, 0x00000000d5580000)
  object space 107520K, 99% used [0x0000000080000000,0x000000008688f0a8,0x0000000086900000)
 Metaspace       used 70530K, committed 72192K, reserved 1114112K
  class space    used 7112K, committed 7872K, reserved 1048576K
}
Event: 977.247 GC heap after
{Heap after GC invocations=351 (full 3):
 PSYoungGen      total 6656K, used 480K [0x00000000d5580000, 0x00000000d5d00000, 0x0000000100000000)
  eden space 6144K, 0% used [0x00000000d5580000,0x00000000d5580000,0x00000000d5b80000)
  from space 512K, 93% used [0x00000000d5c80000,0x00000000d5cf8000,0x00000000d5d00000)
  to   space 512K, 0% used [0x00000000d5c00000,0x00000000d5c00000,0x00000000d5c80000)
 ParOldGen       total 107520K, used 107156K [0x0000000080000000, 0x0000000086900000, 0x00000000d5580000)
  object space 107520K, 99% used [0x0000000080000000,0x00000000868a50a8,0x0000000086900000)
 Metaspace       used 70530K, committed 72192K, reserved 1114112K
  class space    used 7112K, committed 7872K, reserved 1048576K
}
Event: 980.201 GC heap before
{Heap before GC invocations=352 (full 3):
 PSYoungGen      total 6656K, used 6619K [0x00000000d5580000, 0x00000000d5d00000, 0x0000000100000000)
  eden space 6144K, 99% used [0x00000000d5580000,0x00000000d5b7ecd8,0x00000000d5b80000)
  from space 512K, 93% used [0x00000000d5c80000,0x00000000d5cf8000,0x00000000d5d00000)
  to   space 512K, 0% used [0x00000000d5c00000,0x00000000d5c00000,0x00000000d5c80000)
 ParOldGen       total 107520K, used 107156K [0x0000000080000000, 0x0000000086900000, 0x00000000d5580000)
  object space 107520K, 99% used [0x0000000080000000,0x00000000868a50a8,0x0000000086900000)
 Metaspace       used 70530K, committed 72192K, reserved 1114112K
  class space    used 7112K, committed 7872K, reserved 1048576K
}
Event: 980.202 GC heap after
{Heap after GC invocations=352 (full 3):
 PSYoungGen      total 6656K, used 512K [0x00000000d5580000, 0x00000000d5d80000, 0x0000000100000000)
  eden space 6144K, 0% used [0x00000000d5580000,0x00000000d5580000,0x00000000d5b80000)
  from space 512K, 100% used [0x00000000d5c00000,0x00000000d5c80000,0x00000000d5c80000)
  to   space 1024K, 0% used [0x00000000d5c80000,0x00000000d5c80000,0x00000000d5d80000)
 ParOldGen       total 107520K, used 107284K [0x0000000080000000, 0x0000000086900000, 0x00000000d5580000)
  object space 107520K, 99% used [0x0000000080000000,0x00000000868c50c8,0x0000000086900000)
 Metaspace       used 70530K, committed 72192K, reserved 1114112K
  class space    used 7112K, committed 7872K, reserved 1048576K
}
Event: 982.971 GC heap before
{Heap before GC invocations=353 (full 3):
 PSYoungGen      total 6656K, used 6656K [0x00000000d5580000, 0x00000000d5d80000, 0x0000000100000000)
  eden space 6144K, 100% used [0x00000000d5580000,0x00000000d5b80000,0x00000000d5b80000)
  from space 512K, 100% used [0x00000000d5c00000,0x00000000d5c80000,0x00000000d5c80000)
  to   space 1024K, 0% used [0x00000000d5c80000,0x00000000d5c80000,0x00000000d5d80000)
 ParOldGen       total 107520K, used 107284K [0x0000000080000000, 0x0000000086900000, 0x00000000d5580000)
  object space 107520K, 99% used [0x0000000080000000,0x00000000868c50c8,0x0000000086900000)
 Metaspace       used 70530K, committed 72192K, reserved 1114112K
  class space    used 7112K, committed 7872K, reserved 1048576K
}
Event: 982.972 GC heap after
{Heap after GC invocations=353 (full 3):
 PSYoungGen      total 7168K, used 544K [0x00000000d5580000, 0x00000000d5d80000, 0x0000000100000000)
  eden space 6144K, 0% used [0x00000000d5580000,0x00000000d5580000,0x00000000d5b80000)
  from space 1024K, 53% used [0x00000000d5c80000,0x00000000d5d08020,0x00000000d5d80000)
  to   space 1024K, 0% used [0x00000000d5b80000,0x00000000d5b80000,0x00000000d5c80000)
 ParOldGen       total 107520K, used 107396K [0x0000000080000000, 0x0000000086900000, 0x00000000d5580000)
  object space 107520K, 99% used [0x0000000080000000,0x00000000868e10c8,0x0000000086900000)
 Metaspace       used 70530K, committed 72192K, reserved 1114112K
  class space    used 7112K, committed 7872K, reserved 1048576K
}
Event: 985.615 GC heap before
{Heap before GC invocations=354 (full 3):
 PSYoungGen      total 7168K, used 6688K [0x00000000d5580000, 0x00000000d5d80000, 0x0000000100000000)
  eden space 6144K, 100% used [0x00000000d5580000,0x00000000d5b80000,0x00000000d5b80000)
  from space 1024K, 53% used [0x00000000d5c80000,0x00000000d5d08020,0x00000000d5d80000)
  to   space 1024K, 0% used [0x00000000d5b80000,0x00000000d5b80000,0x00000000d5c80000)
 ParOldGen       total 107520K, used 107396K [0x0000000080000000, 0x0000000086900000, 0x00000000d5580000)
  object space 107520K, 99% used [0x0000000080000000,0x00000000868e10c8,0x0000000086900000)
 Metaspace       used 70530K, committed 72192K, reserved 1114112K
  class space    used 7112K, committed 7872K, reserved 1048576K
}
Event: 985.616 GC heap after
{Heap after GC invocations=354 (full 3):
 PSYoungGen      total 7168K, used 480K [0x00000000d5580000, 0x00000000d5d00000, 0x0000000100000000)
  eden space 6144K, 0% used [0x00000000d5580000,0x00000000d5580000,0x00000000d5b80000)
  from space 1024K, 46% used [0x00000000d5b80000,0x00000000d5bf8000,0x00000000d5c80000)
  to   space 512K, 0% used [0x00000000d5c80000,0x00000000d5c80000,0x00000000d5d00000)
 ParOldGen       total 107520K, used 107500K [0x0000000080000000, 0x0000000086900000, 0x00000000d5580000)
  object space 107520K, 99% used [0x0000000080000000,0x00000000868fb0c8,0x0000000086900000)
 Metaspace       used 70530K, committed 72192K, reserved 1114112K
  class space    used 7112K, committed 7872K, reserved 1048576K
}
Event: 988.442 GC heap before
{Heap before GC invocations=355 (full 3):
 PSYoungGen      total 7168K, used 6624K [0x00000000d5580000, 0x00000000d5d00000, 0x0000000100000000)
  eden space 6144K, 100% used [0x00000000d5580000,0x00000000d5b80000,0x00000000d5b80000)
  from space 1024K, 46% used [0x00000000d5b80000,0x00000000d5bf8000,0x00000000d5c80000)
  to   space 512K, 0% used [0x00000000d5c80000,0x00000000d5c80000,0x00000000d5d00000)
 ParOldGen       total 107520K, used 107500K [0x0000000080000000, 0x0000000086900000, 0x00000000d5580000)
  object space 107520K, 99% used [0x0000000080000000,0x00000000868fb0c8,0x0000000086900000)
 Metaspace       used 70531K, committed 72192K, reserved 1114112K
  class space    used 7112K, committed 7872K, reserved 1048576K
}
Event: 988.443 GC heap after
{Heap after GC invocations=355 (full 3):
 PSYoungGen      total 6656K, used 512K [0x00000000d5580000, 0x00000000d5d80000, 0x0000000100000000)
  eden space 6144K, 0% used [0x00000000d5580000,0x00000000d5580000,0x00000000d5b80000)
  from space 512K, 100% used [0x00000000d5c80000,0x00000000d5d00000,0x00000000d5d00000)
  to   space 1024K, 0% used [0x00000000d5b80000,0x00000000d5b80000,0x00000000d5c80000)
 ParOldGen       total 108032K, used 107572K [0x0000000080000000, 0x0000000086980000, 0x00000000d5580000)
  object space 108032K, 99% used [0x0000000080000000,0x000000008690d0c8,0x0000000086980000)
 Metaspace       used 70531K, committed 72192K, reserved 1114112K
  class space    used 7112K, committed 7872K, reserved 1048576K
}
Event: 989.195 GC heap before
{Heap before GC invocations=356 (full 3):
 PSYoungGen      total 6656K, used 6655K [0x00000000d5580000, 0x00000000d5d80000, 0x0000000100000000)
  eden space 6144K, 99% used [0x00000000d5580000,0x00000000d5b7ffe8,0x00000000d5b80000)
  from space 512K, 100% used [0x00000000d5c80000,0x00000000d5d00000,0x00000000d5d00000)
  to   space 1024K, 0% used [0x00000000d5b80000,0x00000000d5b80000,0x00000000d5c80000)
 ParOldGen       total 108032K, used 107572K [0x0000000080000000, 0x0000000086980000, 0x00000000d5580000)
  object space 108032K, 99% used [0x0000000080000000,0x000000008690d0c8,0x0000000086980000)
 Metaspace       used 70531K, committed 72192K, reserved 1114112K
  class space    used 7112K, committed 7872K, reserved 1048576K
}
Event: 989.196 GC heap after
{Heap after GC invocations=356 (full 3):
 PSYoungGen      total 7168K, used 480K [0x00000000d5580000, 0x00000000d5d00000, 0x0000000100000000)
  eden space 6144K, 0% used [0x00000000d5580000,0x00000000d5580000,0x00000000d5b80000)
  from space 1024K, 46% used [0x00000000d5b80000,0x00000000d5bf8000,0x00000000d5c80000)
  to   space 512K, 0% used [0x00000000d5c80000,0x00000000d5c80000,0x00000000d5d00000)
 ParOldGen       total 108032K, used 107668K [0x0000000080000000, 0x0000000086980000, 0x00000000d5580000)
  object space 108032K, 99% used [0x0000000080000000,0x00000000869250c8,0x0000000086980000)
 Metaspace       used 70531K, committed 72192K, reserved 1114112K
  class space    used 7112K, committed 7872K, reserved 1048576K
}
Event: 991.706 GC heap before
{Heap before GC invocations=357 (full 3):
 PSYoungGen      total 7168K, used 6624K [0x00000000d5580000, 0x00000000d5d00000, 0x0000000100000000)
  eden space 6144K, 100% used [0x00000000d5580000,0x00000000d5b80000,0x00000000d5b80000)
  from space 1024K, 46% used [0x00000000d5b80000,0x00000000d5bf8000,0x00000000d5c80000)
  to   space 512K, 0% used [0x00000000d5c80000,0x00000000d5c80000,0x00000000d5d00000)
 ParOldGen       total 108032K, used 107668K [0x0000000080000000, 0x0000000086980000, 0x00000000d5580000)
  object space 108032K, 99% used [0x0000000080000000,0x00000000869250c8,0x0000000086980000)
 Metaspace       used 70531K, committed 72192K, reserved 1114112K
  class space    used 7112K, committed 7872K, reserved 1048576K
}
Event: 991.708 GC heap after
{Heap after GC invocations=357 (full 3):
 PSYoungGen      total 6656K, used 480K [0x00000000d5580000, 0x00000000d5d00000, 0x0000000100000000)
  eden space 6144K, 0% used [0x00000000d5580000,0x00000000d5580000,0x00000000d5b80000)
  from space 512K, 93% used [0x00000000d5c80000,0x00000000d5cf8000,0x00000000d5d00000)
  to   space 512K, 0% used [0x00000000d5c00000,0x00000000d5c00000,0x00000000d5c80000)
 ParOldGen       total 108032K, used 107740K [0x0000000080000000, 0x0000000086980000, 0x00000000d5580000)
  object space 108032K, 99% used [0x0000000080000000,0x00000000869370c8,0x0000000086980000)
 Metaspace       used 70531K, committed 72192K, reserved 1114112K
  class space    used 7112K, committed 7872K, reserved 1048576K
}
Event: 994.347 GC heap before
{Heap before GC invocations=358 (full 3):
 PSYoungGen      total 6656K, used 6624K [0x00000000d5580000, 0x00000000d5d00000, 0x0000000100000000)
  eden space 6144K, 100% used [0x00000000d5580000,0x00000000d5b80000,0x00000000d5b80000)
  from space 512K, 93% used [0x00000000d5c80000,0x00000000d5cf8000,0x00000000d5d00000)
  to   space 512K, 0% used [0x00000000d5c00000,0x00000000d5c00000,0x00000000d5c80000)
 ParOldGen       total 108032K, used 107740K [0x0000000080000000, 0x0000000086980000, 0x00000000d5580000)
  object space 108032K, 99% used [0x0000000080000000,0x00000000869370c8,0x0000000086980000)
 Metaspace       used 70532K, committed 72192K, reserved 1114112K
  class space    used 7112K, committed 7872K, reserved 1048576K
}
Event: 994.348 GC heap after
{Heap after GC invocations=358 (full 3):
 PSYoungGen      total 6656K, used 512K [0x00000000d5580000, 0x00000000d5d80000, 0x0000000100000000)
  eden space 6144K, 0% used [0x00000000d5580000,0x00000000d5580000,0x00000000d5b80000)
  from space 512K, 100% used [0x00000000d5c00000,0x00000000d5c80000,0x00000000d5c80000)
  to   space 1024K, 0% used [0x00000000d5c80000,0x00000000d5c80000,0x00000000d5d80000)
 ParOldGen       total 108032K, used 107812K [0x0000000080000000, 0x0000000086980000, 0x00000000d5580000)
  object space 108032K, 99% used [0x0000000080000000,0x00000000869490c8,0x0000000086980000)
 Metaspace       used 70532K, committed 72192K, reserved 1114112K
  class space    used 7112K, committed 7872K, reserved 1048576K
}

Dll operation events (10 events):
Event: 0.011 Loaded shared library c:\Users\Kevin Shen\.trae-cn\extensions\redhat.java-1.54.0-win32-x64\jre\21.0.10-win32-x86_64\bin\java.dll
Event: 0.036 Loaded shared library c:\Users\Kevin Shen\.trae-cn\extensions\redhat.java-1.54.0-win32-x64\jre\21.0.10-win32-x86_64\bin\zip.dll
Event: 0.089 Loaded shared library C:\Users\Kevin Shen\.trae-cn\extensions\redhat.java-1.54.0-win32-x64\jre\21.0.10-win32-x86_64\bin\instrument.dll
Event: 0.095 Loaded shared library C:\Users\Kevin Shen\.trae-cn\extensions\redhat.java-1.54.0-win32-x64\jre\21.0.10-win32-x86_64\bin\net.dll
Event: 0.098 Loaded shared library C:\Users\Kevin Shen\.trae-cn\extensions\redhat.java-1.54.0-win32-x64\jre\21.0.10-win32-x86_64\bin\nio.dll
Event: 0.100 Loaded shared library C:\Users\Kevin Shen\.trae-cn\extensions\redhat.java-1.54.0-win32-x64\jre\21.0.10-win32-x86_64\bin\zip.dll
Event: 0.116 Loaded shared library C:\Users\Kevin Shen\.trae-cn\extensions\redhat.java-1.54.0-win32-x64\jre\21.0.10-win32-x86_64\bin\jimage.dll
Event: 0.185 Loaded shared library c:\Users\Kevin Shen\.trae-cn\extensions\redhat.java-1.54.0-win32-x64\jre\21.0.10-win32-x86_64\bin\verify.dll
Event: 1.208 Loaded shared library C:\Users\Kevin Shen\AppData\Roaming\Trae CN\User\globalStorage\redhat.java\1.54.0\config_win\org.eclipse.equinox.launcher\org.eclipse.equinox.launcher.win32.win32.x86_64_1.3.0.v20260203-2149\eclipse_11919.dll
Event: 3.441 Loaded shared library C:\Users\Kevin Shen\AppData\Local\Temp\jna-1650212413\jna14866142224253905509.dll

Deoptimization events (20 events):
Event: 834.214 Thread 0x0000028bf4b9b140 DEOPT PACKING pc=0x0000028ba06d94ac sp=0x00000097a79fcee0
Event: 834.214 Thread 0x0000028bf4b9b140 DEOPT UNPACKING pc=0x0000028b9f293aa2 sp=0x00000097a79fceb8 mode 2
Event: 842.071 Thread 0x0000028bfa4c59a0 DEOPT PACKING pc=0x0000028b9a2b8e56 sp=0x00000097ad8ff110
Event: 842.071 Thread 0x0000028bfa4c59a0 DEOPT UNPACKING pc=0x0000028b9f294242 sp=0x00000097ad8fe560 mode 0
Event: 856.043 Thread 0x0000028bf4b9b7d0 DEOPT PACKING pc=0x0000028b99f68a1c sp=0x00000097a70fe320
Event: 856.043 Thread 0x0000028bf4b9b7d0 DEOPT UNPACKING pc=0x0000028b9f294242 sp=0x00000097a70fd800 mode 0
Event: 870.330 Thread 0x0000028bf8a2e6b0 DEOPT PACKING pc=0x0000028b9a2b8e56 sp=0x00000097acbfeb70
Event: 870.330 Thread 0x0000028bf8a2e6b0 DEOPT UNPACKING pc=0x0000028b9f294242 sp=0x00000097acbfdfc0 mode 0
Event: 870.366 Thread 0x0000028bfa4c8100 Uncommon trap: trap_request=0xffffff45 fr.pc=0x0000028ba07118fc relative=0x000000000000013c
Event: 870.366 Thread 0x0000028bfa4c8100 Uncommon trap: reason=unstable_if action=reinterpret pc=0x0000028ba07118fc method=java.util.concurrent.ForkJoinTask.signalWaiters()V @ 22 c2
Event: 870.366 Thread 0x0000028bfa4c8100 DEOPT PACKING pc=0x0000028ba07118fc sp=0x00000097a87ff390
Event: 870.366 Thread 0x0000028bfa4c8100 DEOPT UNPACKING pc=0x0000028b9f293aa2 sp=0x00000097a87ff318 mode 2
Event: 879.318 Thread 0x0000028bf9237140 DEOPT PACKING pc=0x0000028b99d70bd8 sp=0x00000097a72feb70
Event: 879.318 Thread 0x0000028bf9237140 DEOPT UNPACKING pc=0x0000028b9f294242 sp=0x00000097a72fe068 mode 0
Event: 944.690 Thread 0x0000028bf9237140 Uncommon trap: trap_request=0xffffffde fr.pc=0x0000028ba0297d90 relative=0x0000000000000910
Event: 944.690 Thread 0x0000028bf9237140 Uncommon trap: reason=class_check action=maybe_recompile pc=0x0000028ba0297d90 method=java.util.concurrent.ConcurrentHashMap.replaceNode(Ljava/lang/Object;Ljava/lang/Object;Ljava/lang/Object;)Ljava/lang/Object; @ 178 c2
Event: 944.690 Thread 0x0000028bf9237140 DEOPT PACKING pc=0x0000028ba0297d90 sp=0x00000097a72fe660
Event: 944.690 Thread 0x0000028bf9237140 DEOPT UNPACKING pc=0x0000028b9f293aa2 sp=0x00000097a72fe5e8 mode 2
Event: 960.230 Thread 0x0000028bf8a2ed40 DEOPT PACKING pc=0x0000028b99f9ed92 sp=0x00000097a6cfd770
Event: 960.230 Thread 0x0000028bf8a2ed40 DEOPT UNPACKING pc=0x0000028b9f294242 sp=0x00000097a6cfcce0 mode 0

Classes loaded (20 events):
Event: 17.560 Loading class org/xml/sax/SAXNotSupportedException
Event: 17.560 Loading class org/xml/sax/SAXNotSupportedException done
Event: 17.561 Loading class com/sun/org/apache/xerces/internal/util/URI
Event: 17.561 Loading class com/sun/org/apache/xerces/internal/util/URI done
Event: 17.563 Loading class com/sun/org/apache/xerces/internal/xni/XNIException
Event: 17.563 Loading class com/sun/org/apache/xerces/internal/xni/XNIException done
Event: 17.565 Loading class com/sun/org/apache/xerces/internal/xni/parser/XMLParseException
Event: 17.565 Loading class com/sun/org/apache/xerces/internal/xni/parser/XMLParseException done
Event: 306.165 Loading class java/util/stream/Nodes$CollectorTask$OfRef
Event: 306.166 Loading class java/util/stream/Nodes$CollectorTask
Event: 306.166 Loading class java/util/stream/Nodes$CollectorTask done
Event: 306.166 Loading class java/util/stream/Nodes$CollectorTask$OfRef done
Event: 306.168 Loading class java/util/function/LongFunction
Event: 306.169 Loading class java/util/function/LongFunction done
Event: 306.169 Loading class java/util/stream/Nodes$ConcNode
Event: 306.169 Loading class java/util/stream/Nodes$AbstractConcNode
Event: 306.169 Loading class java/util/stream/Nodes$AbstractConcNode done
Event: 306.169 Loading class java/util/stream/Nodes$ConcNode done
Event: 645.639 Loading class java/nio/channels/CompletionHandler
Event: 645.639 Loading class java/nio/channels/CompletionHandler done

Classes unloaded (10 events):
Event: 3.794 Thread 0x0000028beda77bb0 Unloading class 0x0000028bad1a9000 'java/lang/invoke/LambdaForm$MH+0x0000028bad1a9000'
Event: 3.794 Thread 0x0000028beda77bb0 Unloading class 0x0000028bad1a8c00 'java/lang/invoke/LambdaForm$MH+0x0000028bad1a8c00'
Event: 3.794 Thread 0x0000028beda77bb0 Unloading class 0x0000028bad1a8800 'java/lang/invoke/LambdaForm$MH+0x0000028bad1a8800'
Event: 3.794 Thread 0x0000028beda77bb0 Unloading class 0x0000028bad1a8400 'java/lang/invoke/LambdaForm$MH+0x0000028bad1a8400'
Event: 3.794 Thread 0x0000028beda77bb0 Unloading class 0x0000028bad1a8000 'java/lang/invoke/LambdaForm$BMH+0x0000028bad1a8000'
Event: 3.794 Thread 0x0000028beda77bb0 Unloading class 0x0000028bad1a7c00 'java/lang/invoke/LambdaForm$DMH+0x0000028bad1a7c00'
Event: 3.794 Thread 0x0000028beda77bb0 Unloading class 0x0000028bad1a6c00 'java/lang/invoke/LambdaForm$DMH+0x0000028bad1a6c00'
Event: 11.414 Thread 0x0000028beda77bb0 Unloading class 0x0000028bad669000 'java/lang/invoke/LambdaForm$DMH+0x0000028bad669000'
Event: 11.414 Thread 0x0000028beda77bb0 Unloading class 0x0000028bad668c00 'java/lang/invoke/LambdaForm$DMH+0x0000028bad668c00'
Event: 11.414 Thread 0x0000028beda77bb0 Unloading class 0x0000028bad668800 'java/lang/invoke/LambdaForm$DMH+0x0000028bad668800'

Classes redefined (0 events):
No events

Internal exceptions (20 events):
Event: 994.337 Thread 0x0000028bf4b9b140 Exception <a 'sun/nio/fs/WindowsException'{0x00000000d5b0b168}> (0x00000000d5b0b168) 
thrown [s\src\hotspot\share\prims\jni.cpp, line 520]
Event: 994.337 Thread 0x0000028bf4b9b140 Exception <a 'sun/nio/fs/WindowsException'{0x00000000d5b0b240}> (0x00000000d5b0b240) 
thrown [s\src\hotspot\share\prims\jni.cpp, line 520]
Event: 994.338 Thread 0x0000028bf4b9b140 Exception <a 'sun/nio/fs/WindowsException'{0x00000000d5b0b930}> (0x00000000d5b0b930) 
thrown [s\src\hotspot\share\prims\jni.cpp, line 520]
Event: 994.343 Thread 0x0000028bf4b9b140 Exception <a 'sun/nio/fs/WindowsException'{0x00000000d5b3e8f0}> (0x00000000d5b3e8f0) 
thrown [s\src\hotspot\share\prims\jni.cpp, line 520]
Event: 994.343 Thread 0x0000028bf4b9b140 Exception <a 'sun/nio/fs/WindowsException'{0x00000000d5b3ef28}> (0x00000000d5b3ef28) 
thrown [s\src\hotspot\share\prims\jni.cpp, line 520]
Event: 994.364 Thread 0x0000028bf4b9b140 Exception <a 'sun/nio/fs/WindowsException'{0x00000000d563d4f0}> (0x00000000d563d4f0) 
thrown [s\src\hotspot\share\prims\jni.cpp, line 520]
Event: 994.381 Thread 0x0000028bf4b9b140 Exception <a 'sun/nio/fs/WindowsException'{0x00000000d563ec38}> (0x00000000d563ec38) 
thrown [s\src\hotspot\share\prims\jni.cpp, line 520]
Event: 994.402 Thread 0x0000028bf4b9b140 Exception <a 'sun/nio/fs/WindowsException'{0x00000000d5640358}> (0x00000000d5640358) 
thrown [s\src\hotspot\share\prims\jni.cpp, line 520]
Event: 994.430 Thread 0x0000028bf4b9b140 Exception <a 'sun/nio/fs/WindowsException'{0x00000000d5641a40}> (0x00000000d5641a40) 
thrown [s\src\hotspot\share\prims\jni.cpp, line 520]
Event: 994.450 Thread 0x0000028bf4b9b140 Exception <a 'sun/nio/fs/WindowsException'{0x00000000d5643080}> (0x00000000d5643080) 
thrown [s\src\hotspot\share\prims\jni.cpp, line 520]
Event: 994.508 Thread 0x0000028bf4b9b140 Exception <a 'sun/nio/fs/WindowsException'{0x00000000d56446c0}> (0x00000000d56446c0) 
thrown [s\src\hotspot\share\prims\jni.cpp, line 520]
Event: 994.593 Thread 0x0000028bf4b9b140 Exception <a 'sun/nio/fs/WindowsException'{0x00000000d5646438}> (0x00000000d5646438) 
thrown [s\src\hotspot\share\prims\jni.cpp, line 520]
Event: 994.733 Thread 0x0000028bf4b9b140 Exception <a 'sun/nio/fs/WindowsException'{0x00000000d5647b18}> (0x00000000d5647b18) 
thrown [s\src\hotspot\share\prims\jni.cpp, line 520]
Event: 994.738 Thread 0x0000028bf4b9b140 Exception <a 'sun/nio/fs/WindowsException'{0x00000000d5649358}> (0x00000000d5649358) 
thrown [s\src\hotspot\share\prims\jni.cpp, line 520]
Event: 994.757 Thread 0x0000028bf4b9b140 Exception <a 'sun/nio/fs/WindowsException'{0x00000000d564ab18}> (0x00000000d564ab18) 
thrown [s\src\hotspot\share\prims\jni.cpp, line 520]
Event: 994.785 Thread 0x0000028bf4b9b140 Exception <a 'sun/nio/fs/WindowsException'{0x00000000d564c220}> (0x00000000d564c220) 
thrown [s\src\hotspot\share\prims\jni.cpp, line 520]
Event: 994.809 Thread 0x0000028bf4b9b140 Exception <a 'sun/nio/fs/WindowsException'{0x00000000d564d860}> (0x00000000d564d860) 
thrown [s\src\hotspot\share\prims\jni.cpp, line 520]
Event: 994.883 Thread 0x0000028bf4b9b140 Exception <a 'sun/nio/fs/WindowsException'{0x00000000d564ef20}> (0x00000000d564ef20) 
thrown [s\src\hotspot\share\prims\jni.cpp, line 520]
Event: 994.976 Thread 0x0000028bf4b9b140 Exception <a 'sun/nio/fs/WindowsException'{0x00000000d56505d8}> (0x00000000d56505d8) 
thrown [s\src\hotspot\share\prims\jni.cpp, line 520]
Event: 995.003 Thread 0x0000028bf4b9b140 Exception <a 'sun/nio/fs/WindowsException'{0x00000000d56522d8}> (0x00000000d56522d8) 
thrown [s\src\hotspot\share\prims\jni.cpp, line 520]

ZGC Phase Switch (0 events):
No events

VM Operations (20 events):
Event: 974.981 Executing safepoint VM operation: ParallelGCFailedAllocation (Allocation Failure)
Event: 974.982 Executing safepoint VM operation: ParallelGCFailedAllocation (Allocation Failure) done
Event: 977.246 Executing safepoint VM operation: ParallelGCFailedAllocation (Allocation Failure)
Event: 977.247 Executing safepoint VM operation: ParallelGCFailedAllocation (Allocation Failure) done
Event: 980.201 Executing safepoint VM operation: ParallelGCFailedAllocation (Allocation Failure)
Event: 980.202 Executing safepoint VM operation: ParallelGCFailedAllocation (Allocation Failure) done
Event: 982.971 Executing safepoint VM operation: ParallelGCFailedAllocation (Allocation Failure)
Event: 982.972 Executing safepoint VM operation: ParallelGCFailedAllocation (Allocation Failure) done
Event: 983.974 Executing safepoint VM operation: Cleanup
Event: 983.974 Executing safepoint VM operation: Cleanup done
Event: 985.615 Executing safepoint VM operation: ParallelGCFailedAllocation (Allocation Failure)
Event: 985.616 Executing safepoint VM operation: ParallelGCFailedAllocation (Allocation Failure) done
Event: 988.442 Executing safepoint VM operation: ParallelGCFailedAllocation (Allocation Failure)
Event: 988.443 Executing safepoint VM operation: ParallelGCFailedAllocation (Allocation Failure) done
Event: 989.195 Executing safepoint VM operation: ParallelGCFailedAllocation (Allocation Failure)
Event: 989.196 Executing safepoint VM operation: ParallelGCFailedAllocation (Allocation Failure) done
Event: 991.706 Executing safepoint VM operation: ParallelGCFailedAllocation (Allocation Failure)
Event: 991.708 Executing safepoint VM operation: ParallelGCFailedAllocation (Allocation Failure) done
Event: 994.347 Executing safepoint VM operation: ParallelGCFailedAllocation (Allocation Failure)
Event: 994.348 Executing safepoint VM operation: ParallelGCFailedAllocation (Allocation Failure) done

Memory protections (0 events):
No events

Nmethod flushes (20 events):
Event: 11.437 Thread 0x0000028beda77bb0 flushing  nmethod 0x0000028b9875d010
Event: 11.437 Thread 0x0000028beda77bb0 flushing  nmethod 0x0000028b98760710
Event: 11.437 Thread 0x0000028beda77bb0 flushing  nmethod 0x0000028b98767410
Event: 11.437 Thread 0x0000028beda77bb0 flushing  nmethod 0x0000028b98768390
Event: 11.437 Thread 0x0000028beda77bb0 flushing  nmethod 0x0000028b98768e90
Event: 11.437 Thread 0x0000028beda77bb0 flushing  nmethod 0x0000028b9876d790
Event: 11.437 Thread 0x0000028beda77bb0 flushing  nmethod 0x0000028b98771a90
Event: 11.437 Thread 0x0000028beda77bb0 flushing  nmethod 0x0000028b98772b90
Event: 11.437 Thread 0x0000028beda77bb0 flushing  nmethod 0x0000028b9877d510
Event: 11.437 Thread 0x0000028beda77bb0 flushing  nmethod 0x0000028b98792310
Event: 11.437 Thread 0x0000028beda77bb0 flushing  nmethod 0x0000028b98792910
Event: 11.437 Thread 0x0000028beda77bb0 flushing  nmethod 0x0000028b98793190
Event: 11.437 Thread 0x0000028beda77bb0 flushing  nmethod 0x0000028b98793510
Event: 11.437 Thread 0x0000028beda77bb0 flushing  nmethod 0x0000028b98796d10
Event: 11.437 Thread 0x0000028beda77bb0 flushing  nmethod 0x0000028b987cdb10
Event: 11.437 Thread 0x0000028beda77bb0 flushing  nmethod 0x0000028b9881ac90
Event: 11.437 Thread 0x0000028beda77bb0 flushing  nmethod 0x0000028b98833010
Event: 11.437 Thread 0x0000028beda77bb0 flushing  nmethod 0x0000028b9883a690
Event: 11.437 Thread 0x0000028beda77bb0 flushing  nmethod 0x0000028b9883c210
Event: 11.437 Thread 0x0000028beda77bb0 flushing  nmethod 0x0000028b98848210

Events (20 events):
Event: 859.101 Thread 0x0000028beda93290 Thread added: 0x0000028bf4eb5590
Event: 861.652 Thread 0x0000028bf4eb5590 Thread exited: 0x0000028bf4eb5590
Event: 861.652 Thread 0x0000028bedb42450 Thread exited: 0x0000028bedb42450
Event: 861.652 Thread 0x0000028bf562c450 Thread exited: 0x0000028bf562c450
Event: 912.025 Thread 0x0000028beda93290 Thread added: 0x0000028bf562c450
Event: 912.025 Thread 0x0000028beda93290 Thread added: 0x0000028bedb42450
Event: 912.025 Thread 0x0000028beda93290 Thread added: 0x0000028bf4eb5590
Event: 912.787 Thread 0x0000028bf4eb5590 Thread exited: 0x0000028bf4eb5590
Event: 915.041 Thread 0x0000028bedb42450 Thread exited: 0x0000028bedb42450
Event: 920.786 Thread 0x0000028bf562c450 Thread exited: 0x0000028bf562c450
Event: 926.816 Thread 0x0000028beda93290 Thread added: 0x0000028bf562c450
Event: 927.593 Thread 0x0000028bf562c450 Thread exited: 0x0000028bf562c450
Event: 929.793 Thread 0x0000028beda93290 Thread added: 0x0000028bf562c450
Event: 929.793 Thread 0x0000028beda93290 Thread added: 0x0000028bedb42450
Event: 929.793 Thread 0x0000028beda93290 Thread added: 0x0000028bf4eb5590
Event: 930.552 Thread 0x0000028bf4eb5590 Thread exited: 0x0000028bf4eb5590
Event: 930.554 Thread 0x0000028beda93290 Thread added: 0x0000028bf4eb5590
Event: 932.648 Thread 0x0000028bf4eb5590 Thread exited: 0x0000028bf4eb5590
Event: 932.648 Thread 0x0000028bedb42450 Thread exited: 0x0000028bedb42450
Event: 933.505 Thread 0x0000028bf562c450 Thread exited: 0x0000028bf562c450


Dynamic libraries:
0x00007ff6ad4a0000 - 0x00007ff6ad4ae000 	c:\Users\Kevin Shen\.trae-cn\extensions\redhat.java-1.54.0-win32-x64\jre\21.0.10-win32-x86_64\bin\java.exe
0x00007ffd6cf20000 - 0x00007ffd6d187000 	C:\WINDOWS\SYSTEM32\ntdll.dll
0x00007ffd6bb20000 - 0x00007ffd6bbe9000 	C:\WINDOWS\System32\KERNEL32.DLL
0x00007ffd697f0000 - 0x00007ffd69be4000 	C:\WINDOWS\System32\KERNELBASE.dll
0x00007ffd6a140000 - 0x00007ffd6a28b000 	C:\WINDOWS\System32\ucrtbase.dll
0x00007ffd4cd80000 - 0x00007ffd4cd98000 	c:\Users\Kevin Shen\.trae-cn\extensions\redhat.java-1.54.0-win32-x64\jre\21.0.10-win32-x86_64\bin\jli.dll
0x00007ffd53d70000 - 0x00007ffd53d8e000 	c:\Users\Kevin Shen\.trae-cn\extensions\redhat.java-1.54.0-win32-x64\jre\21.0.10-win32-x86_64\bin\VCRUNTIME140.dll
0x00007ffd6b150000 - 0x00007ffd6b315000 	C:\WINDOWS\System32\USER32.dll
0x00007ffd6a290000 - 0x00007ffd6a2b7000 	C:\WINDOWS\System32\win32u.dll
0x00007ffd6ccd0000 - 0x00007ffd6ccfb000 	C:\WINDOWS\System32\GDI32.dll
0x00007ffd6a010000 - 0x00007ffd6a13b000 	C:\WINDOWS\System32\gdi32full.dll
0x00007ffd48510000 - 0x00007ffd487a3000 	C:\WINDOWS\WinSxS\amd64_microsoft.windows.common-controls_6595b64144ccf1df_6.0.26100.8115_none_3e075c82e3354f9c\COMCTL32.dll
0x00007ffd69f60000 - 0x00007ffd6a003000 	C:\WINDOWS\System32\msvcp_win.dll
0x00007ffd6cd30000 - 0x00007ffd6cdd9000 	C:\WINDOWS\System32\msvcrt.dll
0x00007ffd6caf0000 - 0x00007ffd6cb22000 	C:\WINDOWS\System32\IMM32.DLL
0x00007ffd637b0000 - 0x00007ffd637bc000 	c:\Users\Kevin Shen\.trae-cn\extensions\redhat.java-1.54.0-win32-x64\jre\21.0.10-win32-x86_64\bin\vcruntime140_1.dll
0x00007ffcf4230000 - 0x00007ffcf42bd000 	c:\Users\Kevin Shen\.trae-cn\extensions\redhat.java-1.54.0-win32-x64\jre\21.0.10-win32-x86_64\bin\msvcp140.dll
0x00007ffc72ef0000 - 0x00007ffc73c91000 	c:\Users\Kevin Shen\.trae-cn\extensions\redhat.java-1.54.0-win32-x64\jre\21.0.10-win32-x86_64\bin\server\jvm.dll
0x00007ffd6c1c0000 - 0x00007ffd6c276000 	C:\WINDOWS\System32\ADVAPI32.dll
0x00007ffd6b7a0000 - 0x00007ffd6b847000 	C:\WINDOWS\System32\sechost.dll
0x00007ffd6bec0000 - 0x00007ffd6bfd8000 	C:\WINDOWS\System32\RPCRT4.dll
0x00007ffd6b8a0000 - 0x00007ffd6b920000 	C:\WINDOWS\System32\WS2_32.dll
0x00007ffd683b0000 - 0x00007ffd6840e000 	C:\WINDOWS\SYSTEM32\POWRPROF.dll
0x00007ffd520f0000 - 0x00007ffd52126000 	C:\WINDOWS\SYSTEM32\WINMM.dll
0x00007ffd5f4c0000 - 0x00007ffd5f4cb000 	C:\WINDOWS\SYSTEM32\VERSION.dll
0x00007ffd68390000 - 0x00007ffd683a4000 	C:\WINDOWS\SYSTEM32\UMPDC.dll
0x00007ffd68660000 - 0x00007ffd6867b000 	C:\WINDOWS\SYSTEM32\kernel.appcore.dll
0x00007ffd54ad0000 - 0x00007ffd54ada000 	c:\Users\Kevin Shen\.trae-cn\extensions\redhat.java-1.54.0-win32-x64\jre\21.0.10-win32-x86_64\bin\jimage.dll
0x00007ffd67140000 - 0x00007ffd67382000 	C:\WINDOWS\SYSTEM32\DBGHELP.DLL
0x00007ffd6b320000 - 0x00007ffd6b6a2000 	C:\WINDOWS\System32\combase.dll
0x00007ffd6bbf0000 - 0x00007ffd6bcc8000 	C:\WINDOWS\System32\OLEAUT32.dll
0x00007ffd41060000 - 0x00007ffd4109b000 	C:\WINDOWS\SYSTEM32\dbgcore.DLL
0x00007ffd69d40000 - 0x00007ffd69de5000 	C:\WINDOWS\System32\bcryptPrimitives.dll
0x00007ffd53d60000 - 0x00007ffd53d6f000 	c:\Users\Kevin Shen\.trae-cn\extensions\redhat.java-1.54.0-win32-x64\jre\21.0.10-win32-x86_64\bin\instrument.dll
0x00007ffd4cd60000 - 0x00007ffd4cd80000 	c:\Users\Kevin Shen\.trae-cn\extensions\redhat.java-1.54.0-win32-x64\jre\21.0.10-win32-x86_64\bin\java.dll
0x00007ffd6c280000 - 0x00007ffd6c9e7000 	C:\WINDOWS\System32\SHELL32.dll
0x00007ffd69df0000 - 0x00007ffd69f5a000 	C:\WINDOWS\System32\wintypes.dll
0x00007ffd6a440000 - 0x00007ffd6aca8000 	C:\WINDOWS\System32\windows.storage.dll
0x00007ffd6c9f0000 - 0x00007ffd6cae8000 	C:\WINDOWS\System32\SHCORE.dll
0x00007ffd6b6b0000 - 0x00007ffd6b716000 	C:\WINDOWS\System32\shlwapi.dll
0x00007ffd69710000 - 0x00007ffd69739000 	C:\WINDOWS\SYSTEM32\profapi.dll
0x00007ffd4cd10000 - 0x00007ffd4cd28000 	c:\Users\Kevin Shen\.trae-cn\extensions\redhat.java-1.54.0-win32-x64\jre\21.0.10-win32-x86_64\bin\zip.dll
0x00007ffd4c5e0000 - 0x00007ffd4c5f0000 	C:\Users\Kevin Shen\.trae-cn\extensions\redhat.java-1.54.0-win32-x64\jre\21.0.10-win32-x86_64\bin\net.dll
0x00007ffd60de0000 - 0x00007ffd60f0d000 	C:\WINDOWS\SYSTEM32\WINHTTP.dll
0x00007ffd68bb0000 - 0x00007ffd68c1c000 	C:\WINDOWS\system32\mswsock.dll
0x00007ffd25e80000 - 0x00007ffd25e96000 	C:\Users\Kevin Shen\.trae-cn\extensions\redhat.java-1.54.0-win32-x64\jre\21.0.10-win32-x86_64\bin\nio.dll
0x00007ffd4c200000 - 0x00007ffd4c210000 	c:\Users\Kevin Shen\.trae-cn\extensions\redhat.java-1.54.0-win32-x64\jre\21.0.10-win32-x86_64\bin\verify.dll
0x00007ffd25cd0000 - 0x00007ffd25d15000 	C:\Users\Kevin Shen\AppData\Roaming\Trae CN\User\globalStorage\redhat.java\1.54.0\config_win\org.eclipse.equinox.launcher\org.eclipse.equinox.launcher.win32.win32.x86_64_1.3.0.v20260203-2149\eclipse_11919.dll
0x00007ffd6cb30000 - 0x00007ffd6ccc7000 	C:\WINDOWS\System32\ole32.dll
0x00007ffd68fb0000 - 0x00007ffd68fcb000 	C:\WINDOWS\SYSTEM32\CRYPTSP.dll
0x00007ffd685c0000 - 0x00007ffd685f9000 	C:\WINDOWS\system32\rsaenh.dll
0x00007ffd68c60000 - 0x00007ffd68c93000 	C:\WINDOWS\SYSTEM32\USERENV.dll
0x00007ffd696e0000 - 0x00007ffd6970a000 	C:\WINDOWS\SYSTEM32\bcrypt.dll
0x00007ffd68f90000 - 0x00007ffd68f9c000 	C:\WINDOWS\SYSTEM32\CRYPTBASE.dll
0x00007ffd68060000 - 0x00007ffd68092000 	C:\WINDOWS\SYSTEM32\IPHLPAPI.DLL
0x00007ffd6be80000 - 0x00007ffd6be8a000 	C:\WINDOWS\System32\NSI.dll
0x00007ffd4c520000 - 0x00007ffd4c569000 	C:\Users\Kevin Shen\AppData\Local\Temp\jna-1650212413\jna14866142224253905509.dll
0x00007ffd6be90000 - 0x00007ffd6be98000 	C:\WINDOWS\System32\PSAPI.DLL
0x00007ffd615d0000 - 0x00007ffd615ed000 	C:\WINDOWS\SYSTEM32\dhcpcsvc6.DLL
0x00007ffd61520000 - 0x00007ffd61545000 	C:\WINDOWS\SYSTEM32\dhcpcsvc.DLL

JVMTI agents:
c:\Users\Kevin Shen\.trae-cn\extensions\redhat.java-1.54.0-win32-x64\lombok\lombok-1.18.39-4050.jar path:c:\Users\Kevin Shen\.trae-cn\extensions\redhat.java-1.54.0-win32-x64\jre\21.0.10-win32-x86_64\bin\instrument.dll, loaded, initialized, instrumentlib options:none

dbghelp: loaded successfully - version: 4.0.5 - missing functions: none
symbol engine: initialized successfully - sym options: 0x614 - pdb path: .;c:\Users\Kevin Shen\.trae-cn\extensions\redhat.java-1.54.0-win32-x64\jre\21.0.10-win32-x86_64\bin;C:\WINDOWS\SYSTEM32;C:\WINDOWS\WinSxS\amd64_microsoft.windows.common-controls_6595b64144ccf1df_6.0.26100.8115_none_3e075c82e3354f9c;c:\Users\Kevin Shen\.trae-cn\extensions\redhat.java-1.54.0-win32-x64\jre\21.0.10-win32-x86_64\bin\server;C:\Users\Kevin Shen\AppData\Roaming\Trae CN\User\globalStorage\redhat.java\1.54.0\config_win\org.eclipse.equinox.launcher\org.eclipse.equinox.launcher.win32.win32.x86_64_1.3.0.v20260203-2149;C:\Users\Kevin Shen\AppData\Local\Temp\jna-1650212413

VM Arguments:
jvm_args: --add-modules=ALL-SYSTEM --add-opens=java.base/java.util=ALL-UNNAMED --add-opens=java.base/java.lang=ALL-UNNAMED --add-opens=java.base/sun.nio.fs=ALL-UNNAMED -Declipse.application=org.eclipse.jdt.ls.core.id1 -Dosgi.bundles.defaultStartLevel=4 -Declipse.product=org.eclipse.jdt.ls.core.product -Djava.import.generatesMetadataFilesAtProjectRoot=false -DDetectVMInstallationsJob.disabled=true -Dfile.encoding=utf8 -XX:+UseParallelGC -XX:GCTimeRatio=4 -XX:AdaptiveSizePolicyWeight=90 -Dsun.zip.disableMemoryMapping=true -Xmx2G -Xms100m -Xlog:disable -javaagent:c:\Users\Kevin Shen\.trae-cn\extensions\redhat.java-1.54.0-win32-x64\lombok\lombok-1.18.39-4050.jar -XX:+HeapDumpOnOutOfMemoryError -XX:HeapDumpPath=c:\Users\Kevin Shen\AppData\Roaming\Trae CN\User\workspaceStorage\87a1f091b074ca2f76b648371ca68515\redhat.java -Daether.dependencyCollector.impl=bf 
java_command: c:\Users\Kevin Shen\.trae-cn\extensions\redhat.java-1.54.0-win32-x64\server\plugins\org.eclipse.equinox.launcher_1.7.100.v20251111-0406.jar -configuration c:\Users\Kevin Shen\AppData\Roaming\Trae CN\User\globalStorage\redhat.java\1.54.0\config_win -data c:\Users\Kevin Shen\AppData\Roaming\Trae CN\User\workspaceStorage\87a1f091b074ca2f76b648371ca68515\redhat.java\jdt_ws --pipe=\\.\pipe\lsp-61569f37bbd5ddc42a11aab81e45f8dd-sock
java_class_path (initial): c:\Users\Kevin Shen\.trae-cn\extensions\redhat.java-1.54.0-win32-x64\server\plugins\org.eclipse.equinox.launcher_1.7.100.v20251111-0406.jar
Launcher Type: SUN_STANDARD

[Global flags]
    uintx AdaptiveSizePolicyWeight                 = 90                                        {product} {command line}
     intx CICompilerCount                          = 12                                        {product} {ergonomic}
    uintx GCTimeRatio                              = 4                                         {product} {command line}
     bool HeapDumpOnOutOfMemoryError               = true                                   {manageable} {command line}
    ccstr HeapDumpPath                             = c:\Users\Kevin Shen\AppData\Roaming\Trae CN\User\workspaceStorage\87a1f091b074ca2f76b648371ca68515\redhat.java         {manageable} {command line}
   size_t InitialHeapSize                          = 104857600                                 {product} {command line}
   size_t MaxHeapSize                              = 2147483648                                {product} {command line}
   size_t MaxNewSize                               = 715653120                                 {product} {ergonomic}
   size_t MinHeapDeltaBytes                        = 524288                                    {product} {ergonomic}
   size_t MinHeapSize                              = 104857600                                 {product} {command line}
   size_t NewSize                                  = 34603008                                  {product} {ergonomic}
    uintx NonNMethodCodeHeapSize                   = 7602480                                {pd product} {ergonomic}
    uintx NonProfiledCodeHeapSize                  = 122027880                              {pd product} {ergonomic}
   size_t OldSize                                  = 70254592                                  {product} {ergonomic}
    uintx ProfiledCodeHeapSize                     = 122027880                              {pd product} {ergonomic}
    uintx ReservedCodeCacheSize                    = 251658240                              {pd product} {ergonomic}
     bool SegmentedCodeCache                       = true                                      {product} {ergonomic}
   size_t SoftMaxHeapSize                          = 2147483648                             {manageable} {ergonomic}
     bool UseCompressedOops                        = true                           {product lp64_product} {ergonomic}
     bool UseLargePagesIndividualAllocation        = false                                  {pd product} {ergonomic}
     bool UseParallelGC                            = true                                      {product} {command line}

Logging:
Log output configuration:
 #0: stdout all=off uptime,level,tags foldmultilines=false
 #1: stderr all=off uptime,level,tags foldmultilines=false

Release file:
JAVA_VERSION="21.0.10" 
MODULES="java.base java.compiler java.datatransfer java.xml java.prefs java.desktop java.instrument java.logging java.management java.security.sasl java.naming java.rmi java.management.rmi java.net.http java.scripting java.security.jgss java.transaction.xa java.sql java.sql.rowset java.xml.crypto java.se java.smartcardio jdk.accessibility jdk.internal.jvmstat jdk.attach jdk.charsets jdk.internal.opt jdk.zipfs jdk.compiler jdk.crypto.ec jdk.crypto.cryptoki jdk.crypto.mscapi jdk.dynalink jdk.internal.ed jdk.editpad jdk.hotspot.agent jdk.httpserver jdk.internal.le jdk.internal.vm.ci jdk.internal.vm.compiler jdk.internal.vm.compiler.management jdk.jartool jdk.javadoc jdk.jcmd jdk.management jdk.management.agent jdk.jconsole jdk.jdeps jdk.jdwp.agent jdk.jdi jdk.jfr jdk.jshell jdk.jsobject jdk.jstatd jdk.localedata jdk.management.jfr jdk.naming.dns jdk.naming.rmi jdk.net jdk.nio.mapmode jdk.random jdk.sctp jdk.security.auth jdk.security.jgss jdk.unsupported jdk.unsupported.desktop jdk.xml.dom" 

Environment Variables:
JAVA_HOME=E:\JavaJDK
CLASSPATH=.;E:\JavaJDK\lib\dt.jar;E:\JavaJDK\lib\tools.jar; 
PATH=C:\Users\Kevin Shen\.trae-cn\tools\gradle\latest\bin;E:\JavaJDK\bin;C:\Users\Kevin Shen\.trae-cn\tools\maven\latest\bin;c:\Users\Kevin Shen\.trae-cn\tools\trae-gopls\current;c:\Users\Kevin Shen\.trae-cn\sdks\workspaces\87a1f091\versions\node\current;c:\Users\Kevin Shen\.trae-cn\sdks\versions\node\current;C:\Program Files\Volta\;C:\Program Files\Microsoft MPI\Bin\;C:\Program Files\Common Files\Oracle\Java\javapath;E:\python\Scripts\;E:\python\;C:\Program Files (x86)\VMware\VMware Workstation\bin\;C:\Program Files\NVIDIA GPU Computing Toolkit\CUDA\v12.6\bin;C:\Program Files\NVIDIA GPU Computing Toolkit\CUDA\v12.6\libnvvp;C:\Program Files (x86)\Common Files\Oracle\Java\java8path;C:\Program Files (x86)\Common Files\Oracle\Java\javapath;C:\WINDOWS\system32;C:\WINDOWS;C:\WINDOWS\System32\Wbem;C:\WINDOWS\System32\WindowsPowerShell\v1.0\;C:\WINDOWS\System32\OpenSSH\;C:\Program Files (x86)\NVIDIA Corporation\PhysX\Common;C:\Program Files\Microsoft SQL Server\150\Tools\Binn\;C:\Program Files\NVIDIA Corporation\Nsight Compute 2024.3.2\;C:\Program Files\NVIDIA Corporation\NVIDIA app\NvDLISR;C:\Program Files\Microsoft SQL Server\Client SDK\ODBC\170\Tools\Binn\;C:\Program Files (x86)\Windows Kits\10\Windows Performance Toolkit\;C:\Program Files (x86)\ZeroTier\One\;C:\Program Files\Microsoft SQL Server\170\Tools\Binn\;C:\Program Files\dotnet\;E:\JavaJDK\bin;E:\JavaJDK\jre\bin;C:\Program Files (x86)\Microsoft SQL Server\170\Tools\Binn\;C:\Program Files\Microsoft SQL Server\Client SDK\ODBC\180\Tools\Binn\;C:\Program Files\Microsoft SQL Server\170\DTS\Binn\;D:\Sunshine;D:\Sunshine\tools;E:\Redis-8.6.2-Windows-x64-cygwin-with-Service;C:\Program Files\Git\cmd;C:\Program Files\Git\bin;E:\Volta\bin;C:\Program Files\Git\cmd;C:\Users\Kevin Shen\AppData\Local\Programs\Microsoft VS Code\bin;E:\JavaJDK\bin;E:\apache-maven-3.9.14-bin\apache-maven-3.9.14\bin;E:\python\Scripts;E:\python;C:\Program Files\Git\bin;C:\mingw64\bin;C:\sqlite-tools-win-x64-3500000;E:\PyCharm 2025.1.3.1\bin;D:\anaconda\condabin;D:\anaconda\Scripts;C:\Users\Kevin Shen\AppData\Local\GitHubDesktop\bin;E:\IntelliJ IDEA 2026.1\bin;E:\qt\6.8.2\mingw_64\bin;E:\qt\Tools\mingw1310_64\bin;C:\Qt\qtcreator-16.0.0\bin;E:\OpenCV\opencv-4.12.0\build\install\x64\mingw\bin;E:\OpenCV\opencv\build\x64\vc16\bin;E:\OpenCV\opencv-4.12.0\build\bin;E:\cmake\cmake-4.0.0-rc4-windows-x86_64\bin;E:\Redis-8.6.2-Windows-x64-cygwin-with-Service;D:\Sunshine;D:\Sunshine\tools;g:\tools\Trae CN\bin;C:\Program Files\cpolar\;g:\tools\Trae CN\resources\app\bin\lib
USERNAME=Kevin Shen
OS=Windows_NT
PROCESSOR_IDENTIFIER=Intel64 Family 6 Model 170 Stepping 4, GenuineIntel
TMP=C:\Users\KEVINS~1\AppData\Local\Temp
TEMP=C:\Users\KEVINS~1\AppData\Local\Temp




Periodic native trim disabled

---------------  S Y S T E M  ---------------

OS:
 Windows 11 , 64 bit Build 26100 (10.0.26100.8246)
OS uptime: 1 days 17:37 hours
Hyper-V role detected

CPU: total 22 (initial active 22) (11 cores per cpu, 2 threads per core) family 6 model 170 stepping 4 microcode 0x1c, cx8, cmov, fxsr, ht, mmx, 3dnowpref, sse, sse2, sse3, ssse3, sse4.1, sse4.2, popcnt, lzcnt, tsc, tscinvbit, avx, avx2, aes, erms, clmul, bmi1, bmi2, adx, sha, fma, vzeroupper, clflush, clflushopt, clwb, hv, serialize, rdtscp, rdpid, fsrm, f16c, cet_ibt, cet_ss
Processor Information for processor 0
  Max Mhz: 2300, Current Mhz: 2300, Mhz Limit: 2300
Processor Information for processor 1
  Max Mhz: 2300, Current Mhz: 2300, Mhz Limit: 2300
Processor Information for processor 2
  Max Mhz: 1800, Current Mhz: 1800, Mhz Limit: 1800
Processor Information for processor 3
  Max Mhz: 1800, Current Mhz: 1800, Mhz Limit: 1800
Processor Information for processor 4
  Max Mhz: 1800, Current Mhz: 1800, Mhz Limit: 1800
Processor Information for processor 5
  Max Mhz: 1800, Current Mhz: 1800, Mhz Limit: 1800
Processor Information for processor 6
  Max Mhz: 1800, Current Mhz: 1800, Mhz Limit: 1800
Processor Information for processor 7
  Max Mhz: 1800, Current Mhz: 1800, Mhz Limit: 1800
Processor Information for processor 8
  Max Mhz: 1800, Current Mhz: 1800, Mhz Limit: 1800
Processor Information for processor 9
  Max Mhz: 1800, Current Mhz: 1800, Mhz Limit: 1800
Processor Information for processor 10
  Max Mhz: 2300, Current Mhz: 2300, Mhz Limit: 2300
Processor Information for processor 11
  Max Mhz: 2300, Current Mhz: 2300, Mhz Limit: 2300
Processor Information for processor 12
  Max Mhz: 2300, Current Mhz: 2300, Mhz Limit: 2300
Processor Information for processor 13
  Max Mhz: 2300, Current Mhz: 2300, Mhz Limit: 2300
Processor Information for processor 14
  Max Mhz: 2300, Current Mhz: 2300, Mhz Limit: 2300
Processor Information for processor 15
  Max Mhz: 2300, Current Mhz: 2300, Mhz Limit: 2300
Processor Information for processor 16
  Max Mhz: 2300, Current Mhz: 2300, Mhz Limit: 2300
Processor Information for processor 17
  Max Mhz: 2300, Current Mhz: 2300, Mhz Limit: 2300
Processor Information for processor 18
  Max Mhz: 2300, Current Mhz: 2300, Mhz Limit: 2300
Processor Information for processor 19
  Max Mhz: 2300, Current Mhz: 2300, Mhz Limit: 2300
Processor Information for processor 20
  Max Mhz: 2500, Current Mhz: 1000, Mhz Limit: 1000
Processor Information for processor 21
  Max Mhz: 2500, Current Mhz: 1000, Mhz Limit: 1000

Memory: 4k page, system-wide physical 32173M (1044M free)
TotalPageFile size 88770M (AvailPageFile size 0M)
current process WorkingSet (physical memory assigned to process): 329M, peak: 357M
current process commit charge ("private bytes"): 487M, peak: 488M

vm_info: OpenJDK 64-Bit Server VM (21.0.10+7-LTS) for windows-amd64 JRE (21.0.10+7-LTS), built on 2026-01-20T00:00:00Z by "admin" with MS VC++ 17.12 (VS2022)

END.
